2021-12-10T04:03:37+00:00 CRITICAL Uncaught RuntimeException: Unable to claim actions. Database error. in C:\xampp\htdocs\blognhomc\wp-content\plugins\woocommerce\packages\action-scheduler\classes\data-stores\ActionScheduler_DBStore.php:665
Stack trace:
#0 C:\xampp\htdocs\blognhomc\wp-content\plugins\woocommerce\packages\action-scheduler\classes\data-stores\ActionScheduler_DBStore.php(588): ActionScheduler_DBStore->claim_actions(0, 25, NULL, Array, '')
#1 C:\xampp\htdocs\blognhomc\wp-content\plugins\woocommerce\packages\action-scheduler\classes\ActionScheduler_QueueRunner.php(153): ActionScheduler_DBStore->stake_claim(25)
#2 C:\xampp\htdocs\blognhomc\wp-content\plugins\woocommerce\packages\action-scheduler\classes\ActionScheduler_QueueRunner.php(132): ActionScheduler_QueueRunner->do_batch(25, 'WP Cron')
#3 C:\xampp\htdocs\blognhomc\wp-includes\class-wp-hook.php(303): ActionScheduler_QueueRunner->run('WP Cron')
#4 C:\xampp\htdocs\blognhomc\wp-includes\class-wp-hook.php(327): WP_Hook->apply_filters('', Array)
#5 C:\xampp\htdocs\blognhomc\wp-includes\plugin.php(518): WP_Hook->do_action(Array)
#6 C:\xampp\htdocs\blognhomc\wp-cron.php(138): do_action_ref_array('action_schedule...', Array)
#7 {main}
  thrown in C:\xampp\htdocs\blognhomc\wp-content\plugins\woocommerce\packages\action-scheduler\classes\data-stores\ActionScheduler_DBStore.php on line 665

2021-12-10T16:08:47+00:00 CRITICAL Uncaught TypeError: count(): Argument #1 ($value) must be of type Countable|array, null given in C:\xampp\htdocs\blognhomc\wp-content\plugins\woocommerce\packages\woocommerce-admin\src\Features\Marketing.php:270
Stack trace:
#0 C:\xampp\htdocs\blognhomc\wp-content\plugins\woocommerce\packages\woocommerce-admin\src\Features\Marketing.php(270): count(NULL)
#1 C:\xampp\htdocs\blognhomc\wp-content\plugins\woocommerce\packages\woocommerce-admin\src\API\Marketing.php(118): Automattic\WooCommerce\Admin\Features\Marketing->get_knowledge_base_posts('marketing')
#2 C:\xampp\htdocs\blognhomc\wp-includes\rest-api\class-wp-rest-server.php(1140): Automattic\WooCommerce\Admin\API\Marketing->get_knowledge_base_posts(Object(WP_REST_Request))
#3 C:\xampp\htdocs\blognhomc\wp-includes\rest-api\class-wp-rest-server.php(987): WP_REST_Server->respond_to_request(Object(WP_REST_Request), '/wc-admin/marke...', Array, NULL)
#4 C:\xampp\htdocs\blognhomc\wp-includes\rest-api\class-wp-rest-server.php(414): WP_REST_Server->dispatch(Object(WP_REST_Request))
#5 C:\xampp\htdocs\blognhomc\wp-includes\rest-api.php(370): WP_REST_Server->serve_request('/wc-admin/marke...')
#6 C:\xampp\htdocs\blognhomc\wp-includes\class-wp-hook.php(303): rest_api_loaded(Object(WP))
#7 C:\xampp\htdocs\blognhomc\wp-includes\class-wp-hook.php(327): WP_Hook->apply_filters(NULL, Array)
#8 C:\xampp\htdocs\blognhomc\wp-includes\plugin.php(518): WP_Hook->do_action(Array)
#9 C:\xampp\htdocs\blognhomc\wp-includes\class-wp.php(388): do_action_ref_array('parse_request', Array)
#10 C:\xampp\htdocs\blognhomc\wp-includes\class-wp.php(750): WP->parse_request('')
#11 C:\xampp\htdocs\blognhomc\wp-includes\functions.php(1291): WP->main('')
#12 C:\xampp\htdocs\blognhomc\wp-blog-header.php(16): wp()
#13 C:\xampp\htdocs\blognhomc\index.php(17): require('C:\\xampp\\htdocs...')
#14 {main}
  thrown in C:\xampp\htdocs\blognhomc\wp-content\plugins\woocommerce\packages\woocommerce-admin\src\Features\Marketing.php on line 270

2021-12-10T17:04:35+00:00 CRITICAL Uncaught TypeError: array_column(): Argument #1 ($array) must be of type array, string given in C:\xampp\htdocs\blognhomc\wp-content\plugins\woocommerce\packages\woocommerce-admin\src\RemoteInboxNotifications\Transformers\ArrayColumn.php:27
Stack trace:
#0 C:\xampp\htdocs\blognhomc\wp-content\plugins\woocommerce\packages\woocommerce-admin\src\RemoteInboxNotifications\Transformers\ArrayColumn.php(27): array_column('', 'slug')
#1 C:\xampp\htdocs\blognhomc\wp-content\plugins\woocommerce\packages\woocommerce-admin\src\RemoteInboxNotifications\TransformerService.php(59): Automattic\WooCommerce\Admin\RemoteInboxNotifications\Transformers\ArrayColumn->transform('', Object(stdClass), '')
#2 C:\xampp\htdocs\blognhomc\wp-content\plugins\woocommerce\packages\woocommerce-admin\src\RemoteInboxNotifications\OptionRuleProcessor.php(45): Automattic\WooCommerce\Admin\RemoteInboxNotifications\TransformerService::apply('', Array, '')
#3 C:\xampp\htdocs\blognhomc\wp-content\plugins\woocommerce\packages\woocommerce-admin\src\RemoteInboxNotifications\RuleEvaluator.php(62): Automattic\WooCommerce\Admin\RemoteInboxNotifications\OptionRuleProcessor->process(Object(stdClass), NULL)
#4 C:\xampp\htdocs\blognhomc\wp-content\plugins\woocommerce\packages\woocommerce-admin\src\Features\RemoteFreeExtensions\EvaluateExtension.php(27): Automattic\WooCommerce\Admin\RemoteInboxNotifications\RuleEvaluator->evaluate(Array)
#5 C:\xampp\htdocs\blognhomc\wp-content\plugins\woocommerce\packages\woocommerce-admin\src\Features\RemoteFreeExtensions\Init.php(48): Automattic\WooCommerce\Admin\Features\RemoteFreeExtensions\EvaluateExtension::evaluate(Object(stdClass))
#6 C:\xampp\htdocs\blognhomc\wp-content\plugins\woocommerce\packages\woocommerce-admin\src\API\OnboardingFreeExtensions.php(75): Automattic\WooCommerce\Admin\Features\RemoteFreeExtensions\Init::get_extensions()
#7 C:\xampp\htdocs\blognhomc\wp-includes\rest-api\class-wp-rest-server.php(1140): Automattic\WooCommerce\Admin\API\OnboardingFreeExtensions->get_available_extensions(Object(WP_REST_Request))
#8 C:\xampp\htdocs\blognhomc\wp-includes\rest-api\class-wp-rest-server.php(987): WP_REST_Server->respond_to_request(Object(WP_REST_Request), '/wc-admin/onboa...', Array, NULL)
#9 C:\xampp\htdocs\blognhomc\wp-includes\rest-api\class-wp-rest-server.php(414): WP_REST_Server->dispatch(Object(WP_REST_Request))
#10 C:\xampp\htdocs\blognhomc\wp-includes\rest-api.php(370): WP_REST_Server->serve_request('/wc-admin/onboa...')
#11 C:\xampp\htdocs\blognhomc\wp-includes\class-wp-hook.php(303): rest_api_loaded(Object(WP))
#12 C:\xampp\htdocs\blognhomc\wp-includes\class-wp-hook.php(327): WP_Hook->apply_filters(NULL, Array)
#13 C:\xampp\htdocs\blognhomc\wp-includes\plugin.php(518): WP_Hook->do_action(Array)
#14 C:\xampp\htdocs\blognhomc\wp-includes\class-wp.php(388): do_action_ref_array('parse_request', Array)
#15 C:\xampp\htdocs\blognhomc\wp-includes\class-wp.php(750): WP->parse_request('')
#16 C:\xampp\htdocs\blognhomc\wp-includes\functions.php(1291): WP->main('')
#17 C:\xampp\htdocs\blognhomc\wp-blog-header.php(16): wp()
#18 C:\xampp\htdocs\blognhomc\index.php(17): require('C:\\xampp\\htdocs...')
#19 {main}
  thrown in C:\xampp\htdocs\blognhomc\wp-content\plugins\woocommerce\packages\woocommerce-admin\src\RemoteInboxNotifications\Transformers\ArrayColumn.php on line 27

